Using pre-set license
Built from '2022.3/china_unity/release' branch; Version is '2022.3.15f1c1 (18739dc7bca8) revision 1602461'; Using compiler version '192829333'; Build Type 'Release'
OS: 'Windows 11  (10.0.22631) 64bit CoreCountrySpecific' Language: 'zh' Physical Memory: 16002 MB
BatchMode: 1, IsHumanControllingUs: 0, StartBugReporterOnCrash: 0, Is64bit: 1, IsPro: 1

COMMAND LINE ARGUMENTS:
E:\Software\Unity\Editor\2022.3.15f1c1\Editor\Unity.exe
-adb2
-batchMode
-noUpm
-name
AssetImportWorker3
-projectPath
E:/Software/Unity/Dustar
-logFile
Logs/AssetImportWorker3.log
-srvPort
61664
Successfully changed project path to: E:/Software/Unity/Dustar
E:/Software/Unity/Dustar
[UnityMemory] Configuration Parameters - Can be set up in boot.config
    "memorysetup-bucket-allocator-granularity=16"
    "memorysetup-bucket-allocator-bucket-count=8"
    "memorysetup-bucket-allocator-block-size=33554432"
    "memorysetup-bucket-allocator-block-count=8"
    "memorysetup-main-allocator-block-size=16777216"
    "memorysetup-thread-allocator-block-size=16777216"
    "memorysetup-gfx-main-allocator-block-size=16777216"
    "memorysetup-gfx-thread-allocator-block-size=16777216"
    "memorysetup-cache-allocator-block-size=4194304"
    "memorysetup-typetree-allocator-block-size=2097152"
    "memorysetup-profiler-bucket-allocator-granularity=16"
    "memorysetup-profiler-bucket-allocator-bucket-count=8"
    "memorysetup-profiler-bucket-allocator-block-size=33554432"
    "memorysetup-profiler-bucket-allocator-block-count=8"
    "memorysetup-profiler-allocator-block-size=16777216"
    "memorysetup-profiler-editor-allocator-block-size=1048576"
    "memorysetup-temp-allocator-size-main=16777216"
    "memorysetup-job-temp-allocator-block-size=2097152"
    "memorysetup-job-temp-allocator-block-size-background=1048576"
    "memorysetup-job-temp-allocator-reduction-small-platforms=262144"
    "memorysetup-allocator-temp-initial-block-size-main=262144"
    "memorysetup-allocator-temp-initial-block-size-worker=262144"
    "memorysetup-temp-allocator-size-background-worker=32768"
    "memorysetup-temp-allocator-size-job-worker=262144"
    "memorysetup-temp-allocator-size-preload-manager=33554432"
    "memorysetup-temp-allocator-size-nav-mesh-worker=65536"
    "memorysetup-temp-allocator-size-audio-worker=65536"
    "memorysetup-temp-allocator-size-cloud-worker=32768"
    "memorysetup-temp-allocator-size-gi-baking-worker=262144"
    "memorysetup-temp-allocator-size-gfx=262144"
Player connection [32528] Host "[IP] 192.168.3.30 [Port] 0 [Flags] 2 [Guid] 2511469788 [EditorId] 2511469788 [Version] 1048832 [Id] WindowsEditor(7,TK) [Debug] 1 [PackageName] WindowsEditor [ProjectName] Editor" joined multi-casting on [225.0.0.222:54997]...

Player connection [32528] Host "[IP] 192.168.3.30 [Port] 0 [Flags] 2 [Guid] 2511469788 [EditorId] 2511469788 [Version] 1048832 [Id] WindowsEditor(7,TK) [Debug] 1 [PackageName] WindowsEditor [ProjectName] Editor" joined alternative multi-casting on [225.0.0.222:34997]...

[Physics::Module] Initialized MultithreadedJobDispatcher with 31 workers.
Refreshing native plugins compatible for Editor in 19.05 ms, found 3 plugins.
Preloading 0 native plugins for Editor in 0.00 ms.
Initialize engine version: 2022.3.15f1c1 (18739dc7bca8)
[Subsystems] Discovering subsystems at path E:/Software/Unity/Editor/2022.3.15f1c1/Editor/Data/Resources/UnitySubsystems
[Subsystems] Discovering subsystems at path E:/Software/Unity/Dustar/Assets
GfxDevice: creating device client; threaded=0; jobified=0
Direct3D:
    Version:  Direct3D 11.0 [level 11.1]
    Renderer: NVIDIA GeForce RTX 4070 Laptop GPU (ID=0x2860)
    Vendor:   NVIDIA
    VRAM:     7963 MB
    Driver:   31.0.15.4624
Initialize mono
Mono path[0] = 'E:/Software/Unity/Editor/2022.3.15f1c1/Editor/Data/Managed'
Mono path[1] = 'E:/Software/Unity/Editor/2022.3.15f1c1/Editor/Data/MonoBleedingEdge/lib/mono/unityjit-win32'
Mono config path = 'E:/Software/Unity/Editor/2022.3.15f1c1/Editor/Data/MonoBleedingEdge/etc'
Using monoOptions --debugger-agent=transport=dt_socket,embedding=1,server=y,suspend=n,address=127.0.0.1:56248
Begin MonoManager ReloadAssembly
Registering precompiled unity dll's ...
Register platform support module: E:/Software/Unity/Editor/2022.3.15f1c1/Editor/Data/PlaybackEngines/WindowsStandaloneSupport/UnityEditor.WindowsStandalone.Extensions.dll
Registered in 0.005610 seconds.
- Loaded All Assemblies, in  0.264 seconds
Native extension for WindowsStandalone target not found
Mono: successfully reloaded assembly
- Finished resetting the current domain, in  0.161 seconds
Domain Reload Profiling: 420ms
	BeginReloadAssembly (98ms)
		ExecutionOrderSort (0ms)
		DisableScriptedObjects (0ms)
		BackupInstance (0ms)
		ReleaseScriptingObjects (0ms)
		CreateAndSetChildDomain (0ms)
	RebuildCommonClasses (20ms)
	RebuildNativeTypeToScriptingClass (7ms)
	initialDomainReloadingComplete (43ms)
	LoadAllAssembliesAndSetupDomain (91ms)
		LoadAssemblies (93ms)
		RebuildTransferFunctionScriptingTraits (0ms)
		AnalyzeDomain (89ms)
			TypeCache.Refresh (88ms)
				TypeCache.ScanAssembly (79ms)
			ScanForSourceGeneratedMonoScriptInfo (0ms)
			ResolveRequiredComponents (0ms)
	FinalizeReload (161ms)
		ReleaseScriptCaches (0ms)
		RebuildScriptCaches (0ms)
		SetupLoadedEditorAssemblies (128ms)
			LogAssemblyErrors (0ms)
			InitializePlatformSupportModulesInManaged (5ms)
			SetLoadedEditorAssemblies (4ms)
			RefreshPlugins (0ms)
			BeforeProcessingInitializeOnLoad (1ms)
			ProcessInitializeOnLoadAttributes (87ms)
			ProcessInitializeOnLoadMethodAttributes (31ms)
			AfterProcessingInitializeOnLoad (0ms)
			EditorAssembliesLoaded (0ms)
		ExecutionOrderSort2 (0ms)
		AwakeInstancesAfterBackupRestoration (0ms)
========================================================================
Worker process is ready to serve import requests
Begin MonoManager ReloadAssembly
- Loaded All Assemblies, in  0.899 seconds
Refreshing native plugins compatible for Editor in 10.17 ms, found 3 plugins.
Native extension for WindowsStandalone target not found
Package Manager log level set to [2]
[Package Manager] Server::EnsureServerProcessIsRunning -- launch failed, reason: Unity was launched with the -noUpm command-line argument
[Package Manager] UpmClient::Send -- Unable to send message (not connected to UPM process).
[Package Manager] Cannot connect to Unity Package Manager local server
Mono: successfully reloaded assembly
- Finished resetting the current domain, in  0.645 seconds
Domain Reload Profiling: 1532ms
	BeginReloadAssembly (149ms)
		ExecutionOrderSort (0ms)
		DisableScriptedObjects (3ms)
		BackupInstance (0ms)
		ReleaseScriptingObjects (0ms)
		CreateAndSetChildDomain (14ms)
	RebuildCommonClasses (21ms)
	RebuildNativeTypeToScriptingClass (6ms)
	initialDomainReloadingComplete (43ms)
	LoadAllAssembliesAndSetupDomain (668ms)
		LoadAssemblies (583ms)
		RebuildTransferFunctionScriptingTraits (0ms)
		AnalyzeDomain (193ms)
			TypeCache.Refresh (155ms)
				TypeCache.ScanAssembly (142ms)
			ScanForSourceGeneratedMonoScriptInfo (25ms)
			ResolveRequiredComponents (11ms)
	FinalizeReload (645ms)
		ReleaseScriptCaches (0ms)
		RebuildScriptCaches (0ms)
		SetupLoadedEditorAssemblies (538ms)
			LogAssemblyErrors (0ms)
			InitializePlatformSupportModulesInManaged (3ms)
			SetLoadedEditorAssemblies (3ms)
			RefreshPlugins (0ms)
			BeforeProcessingInitializeOnLoad (54ms)
			ProcessInitializeOnLoadAttributes (400ms)
			ProcessInitializeOnLoadMethodAttributes (68ms)
			AfterProcessingInitializeOnLoad (10ms)
			EditorAssembliesLoaded (0ms)
		ExecutionOrderSort2 (0ms)
		AwakeInstancesAfterBackupRestoration (4ms)
Launched and connected shader compiler UnityShaderCompiler.exe after 0.09 seconds
Refreshing native plugins compatible for Editor in 9.32 ms, found 3 plugins.
Preloading 0 native plugins for Editor in 0.00 ms.
Unloading 5874 Unused Serialized files (Serialized files now loaded: 0)
Unloading 110 unused Assets / (2.0 MB). Loaded Objects now: 6330.
Memory consumption went from 295.8 MB to 293.7 MB.
Total: 6.165000 ms (FindLiveObjects: 0.467900 ms CreateObjectMapping: 0.111200 ms MarkObjects: 4.396900 ms  DeleteObjects: 1.186700 ms)

AssetImportParameters requested are different than current active one (requested -> active):
  custom:container-demuxer-ogg: 62fdf1f143b41e24485cea50d1cbac27 -> 
  custom:video-codec-MediaFoundation-h265: 746d11721c4dcdbdad8f713fa42b33f4 -> 
  custom:video-decoder-ogg-theora: a1e56fd34408186e4bbccfd4996cb3dc -> 
  custom:framework-win-MediaFoundation: 216162199b28c13a410421893ffa2e32 -> 
  custom:CustomObjectIndexerAttribute: 39606d92bcf39ac9cd6fca1116091104 -> 
  custom:container-demuxer-webm: 4f35f7cbe854078d1ac9338744f61a02 -> 
  custom:container-muxer-webm: aa71ff27fc2769a1b78a27578f13a17b -> 
  custom:video-decoder-webm-vp8: 9c59270c3fd7afecdb556c50c9e8de78 -> 
  custom:SearchIndexIgnoredProperties: e643bd26f0fe6173181afceb89e7c659 -> 
  custom:AudioImporter_EditorPlatform: d09bf68614088b80899f8185d706f6e7 -> 
  custom:video-encoder-webm-vp8: eb34c28f22e8b96e1ab97ce403110664 -> 
  custom:audio-decoder-ogg-vorbis: bf7c407c2cedff20999df2af8eb42d56 -> 
  custom:audio-encoder-webm-vorbis: bf7c407c2cedff20999df2af8eb42d56 -> 
========================================================================
Received Import Request.
  Time since last request: 303887.384240 seconds.
  path: Assets/Settings/Desert_FogSettings 1.asset
  artifactKey: Guid(43e61c3fdc3bc7e49a750ed695e74333) Importer(815301076,1909f56bfc062723c751e8b465ee728b)
Start importing Assets/Settings/Desert_FogSettings 1.asset using Guid(43e61c3fdc3bc7e49a750ed695e74333) Importer(815301076,1909f56bfc062723c751e8b465ee728b)  -> (artifact id: '8357ddb358fd070701fa74612cee80a2') in 0.204398 seconds
Number of updated asset objects reloaded before import = 0
Number of asset objects unloaded after import = 6
========================================================================
Received Import Request.
  Time since last request: 334.969026 seconds.
  path: Assets/Models/Desert_Plane 1.fbx
  artifactKey: Guid(f641d768ccede1a40b52d37263f05f87) Importer(815301076,1909f56bfc062723c751e8b465ee728b)
Start importing Assets/Models/Desert_Plane 1.fbx using Guid(f641d768ccede1a40b52d37263f05f87) Importer(815301076,1909f56bfc062723c751e8b465ee728b)  -> (artifact id: 'a72554831f87aa1fd831a5ace2c4d463') in 0.062985 seconds
Number of updated asset objects reloaded before import = 0
Number of asset objects unloaded after import = 9
========================================================================
Received Import Request.
  Time since last request: 0.001590 seconds.
  path: Assets/Models/RockGrey1.prefab
  artifactKey: Guid(0de36efe9e1ed31439c084816826cfb0) Importer(815301076,1909f56bfc062723c751e8b465ee728b)
Start importing Assets/Models/RockGrey1.prefab using Guid(0de36efe9e1ed31439c084816826cfb0) Importer(815301076,1909f56bfc062723c751e8b465ee728b)  -> (artifact id: 'ba1aca9b10894a8d012b63d12835cb22') in 0.045996 seconds
Number of updated asset objects reloaded before import = 0
Number of asset objects unloaded after import = 11
========================================================================
Received Import Request.
  Time since last request: 0.003896 seconds.
  path: Assets/Models/圆形星空.fbx
  artifactKey: Guid(114731de15a93754a9698e16616bc33f) Importer(815301076,1909f56bfc062723c751e8b465ee728b)
Start importing Assets/Models/圆形星空.fbx using Guid(114731de15a93754a9698e16616bc33f) Importer(815301076,1909f56bfc062723c751e8b465ee728b)  -> (artifact id: 'bf9b2e1fe2c964b87583e03e49d5a5c8') in 0.031308 seconds
Number of updated asset objects reloaded before import = 0
Number of asset objects unloaded after import = 9
========================================================================
Received Import Request.
  Time since last request: 0.025448 seconds.
  path: Assets/Models/打开的书.fbx
  artifactKey: Guid(387a2a1a4ff141c4b82315a5f71a0aca) Importer(815301076,1909f56bfc062723c751e8b465ee728b)
Start importing Assets/Models/打开的书.fbx using Guid(387a2a1a4ff141c4b82315a5f71a0aca) Importer(815301076,1909f56bfc062723c751e8b465ee728b)  -> (artifact id: '3b865699792776c486ceb81a9a80feaa') in 0.570357 seconds
Number of updated asset objects reloaded before import = 0
Number of asset objects unloaded after import = 11
========================================================================
Received Import Request.
  Time since last request: 0.000018 seconds.
  path: Assets/Models/草稿纸.fbx
  artifactKey: Guid(3d0fa6afc020f0e48a5ac8b7e25951b0) Importer(815301076,1909f56bfc062723c751e8b465ee728b)
Start importing Assets/Models/草稿纸.fbx using Guid(3d0fa6afc020f0e48a5ac8b7e25951b0) Importer(815301076,1909f56bfc062723c751e8b465ee728b)  -> (artifact id: '81b719cdcea4d4c1e672e8367b2429a5') in 0.311142 seconds
Number of updated asset objects reloaded before import = 0
Number of asset objects unloaded after import = 11
========================================================================
Received Import Request.
  Time since last request: 0.000020 seconds.
  path: Assets/Models/骨骨和沙漠和罐子和船.fbx
  artifactKey: Guid(56a2389e10d253e438093649ae63c0b1) Importer(815301076,1909f56bfc062723c751e8b465ee728b)
Start importing Assets/Models/骨骨和沙漠和罐子和船.fbx using Guid(56a2389e10d253e438093649ae63c0b1) Importer(815301076,1909f56bfc062723c751e8b465ee728b)  -> (artifact id: '94569d637b0003fe5693986b02ad6e00') in 0.185128 seconds
Number of updated asset objects reloaded before import = 0
Number of asset objects unloaded after import = 134
========================================================================
Received Import Request.
  Time since last request: 0.000013 seconds.
  path: Assets/Models/s4.fbx
  artifactKey: Guid(f0f4edfdf2690354caa5d7892fc8cc19) Importer(815301076,1909f56bfc062723c751e8b465ee728b)
Start importing Assets/Models/s4.fbx using Guid(f0f4edfdf2690354caa5d7892fc8cc19) Importer(815301076,1909f56bfc062723c751e8b465ee728b)  -> (artifact id: '4007908b135770bfdc808c03c30f7eae') in 0.037359 seconds
Number of updated asset objects reloaded before import = 0
Number of asset objects unloaded after import = 34
========================================================================
Received Import Request.
  Time since last request: 0.000018 seconds.
  path: Assets/Models/土星1.fbx
  artifactKey: Guid(75f0c904db01a429aac017981f9ec0d4) Importer(815301076,1909f56bfc062723c751e8b465ee728b)
Start importing Assets/Models/土星1.fbx using Guid(75f0c904db01a429aac017981f9ec0d4) Importer(815301076,1909f56bfc062723c751e8b465ee728b)  -> (artifact id: '5f735a1026624f5e66cacce7c6f5990a') in 0.033435 seconds
Number of updated asset objects reloaded before import = 0
Number of asset objects unloaded after import = 24
========================================================================
Received Import Request.
  Time since last request: 0.000020 seconds.
  path: Assets/Models/月球带陨石.fbx
  artifactKey: Guid(f76ad9b2b4b0d914ba3ac3d4f60eff50) Importer(815301076,1909f56bfc062723c751e8b465ee728b)
Start importing Assets/Models/月球带陨石.fbx using Guid(f76ad9b2b4b0d914ba3ac3d4f60eff50) Importer(815301076,1909f56bfc062723c751e8b465ee728b)  -> (artifact id: '931996f3ee4b0f3ae171b7f329b151e1') in 0.173650 seconds
Number of updated asset objects reloaded before import = 0
Number of asset objects unloaded after import = 52
========================================================================
Received Import Request.
  Time since last request: 0.000014 seconds.
  path: Assets/Models/Desert_Sand.fbx
  artifactKey: Guid(3ca1c37c4d12b8744ab6b493b1c32a88) Importer(815301076,1909f56bfc062723c751e8b465ee728b)
Start importing Assets/Models/Desert_Sand.fbx using Guid(3ca1c37c4d12b8744ab6b493b1c32a88) Importer(815301076,1909f56bfc062723c751e8b465ee728b)  -> (artifact id: '06a5c24c038c18d81d3d17937491752d') in 0.045767 seconds
Number of updated asset objects reloaded before import = 0
Number of asset objects unloaded after import = 11
========================================================================
Received Import Request.
  Time since last request: 0.000022 seconds.
  path: Assets/Models/骨骨.fbx
  artifactKey: Guid(3c91d6375aa0eea4b8b292318ecefc88) Importer(815301076,1909f56bfc062723c751e8b465ee728b)
Start importing Assets/Models/骨骨.fbx using Guid(3c91d6375aa0eea4b8b292318ecefc88) Importer(815301076,1909f56bfc062723c751e8b465ee728b)  -> (artifact id: '21a536ac4bda556c8f9435dd15b95dc0') in 0.622069 seconds
Number of updated asset objects reloaded before import = 0
Number of asset objects unloaded after import = 141
========================================================================
Received Import Request.
  Time since last request: 0.000026 seconds.
  path: Assets/Models/s1.fbx
  artifactKey: Guid(f298c3a255ca80d4b984a510ab36fa11) Importer(815301076,1909f56bfc062723c751e8b465ee728b)
Start importing Assets/Models/s1.fbx using Guid(f298c3a255ca80d4b984a510ab36fa11) Importer(815301076,1909f56bfc062723c751e8b465ee728b)  -> (artifact id: '35e006714a7365e0bae5c154df3874ef') in 0.034631 seconds
Number of updated asset objects reloaded before import = 0
Number of asset objects unloaded after import = 29
========================================================================
Received Import Request.
  Time since last request: 26.640054 seconds.
  path: Assets/Materials/MaterialBalls/Line/Ramp.png
  artifactKey: Guid(dbae3c58a41289847b7649cebc5f28ac) Importer(815301076,1909f56bfc062723c751e8b465ee728b)
Start importing Assets/Materials/MaterialBalls/Line/Ramp.png using Guid(dbae3c58a41289847b7649cebc5f28ac) Importer(815301076,1909f56bfc062723c751e8b465ee728b)  -> (artifact id: '6e89c22e11acb8c0f068ba04bdeb182f') in 0.049742 seconds
Number of updated asset objects reloaded before import = 0
Number of asset objects unloaded after import = 2
========================================================================
Received Import Request.
  Time since last request: 1.640071 seconds.
  path: Assets/Materials/MaterialBalls/Final/Fire_MK.mat
  artifactKey: Guid(21491c57de37da447b0607909bbd77a1) Importer(815301076,1909f56bfc062723c751e8b465ee728b)
Start importing Assets/Materials/MaterialBalls/Final/Fire_MK.mat using Guid(21491c57de37da447b0607909bbd77a1) Importer(815301076,1909f56bfc062723c751e8b465ee728b)  -> (artifact id: '6f547b4afcf90ee439e5bdfc083ae7a6') in 0.007072 seconds
Number of updated asset objects reloaded before import = 0
Number of asset objects unloaded after import = 3
========================================================================
Received Import Request.
  Time since last request: 0.000023 seconds.
  path: Assets/Materials/MaterialBalls/Final/SimpleCel01_StylSurf_Single.mat
  artifactKey: Guid(631d28fabcf7c46c2a30a647eef5b155) Importer(815301076,1909f56bfc062723c751e8b465ee728b)
Start importing Assets/Materials/MaterialBalls/Final/SimpleCel01_StylSurf_Single.mat using Guid(631d28fabcf7c46c2a30a647eef5b155) Importer(815301076,1909f56bfc062723c751e8b465ee728b)  -> (artifact id: '73da136af7716f97991cf639f7afbf89') in 0.013691 seconds
Number of updated asset objects reloaded before import = 0
Number of asset objects unloaded after import = 2
========================================================================
Received Import Request.
  Time since last request: 0.000021 seconds.
  path: Assets/Materials/MaterialBalls/Final/土星1.mat
  artifactKey: Guid(74f831acba1a148e58396d4f20c65209) Importer(815301076,1909f56bfc062723c751e8b465ee728b)
Start importing Assets/Materials/MaterialBalls/Final/土星1.mat using Guid(74f831acba1a148e58396d4f20c65209) Importer(815301076,1909f56bfc062723c751e8b465ee728b)  -> (artifact id: '092bb08d68eb0004f5a286546047972e') in 0.010192 seconds
Number of updated asset objects reloaded before import = 0
Number of asset objects unloaded after import = 2
========================================================================
Received Import Request.
  Time since last request: 0.000019 seconds.
  path: Assets/Materials/MaterialBalls/Final/土星2.mat
  artifactKey: Guid(aa8365424c007468887bc166e46904c4) Importer(815301076,1909f56bfc062723c751e8b465ee728b)
Start importing Assets/Materials/MaterialBalls/Final/土星2.mat using Guid(aa8365424c007468887bc166e46904c4) Importer(815301076,1909f56bfc062723c751e8b465ee728b)  -> (artifact id: '6f9880e1ed61ed658bfa5e71f7deb380') in 0.010564 seconds
Number of updated asset objects reloaded before import = 0
Number of asset objects unloaded after import = 2
========================================================================
Received Import Request.
  Time since last request: 0.000054 seconds.
  path: Assets/Materials/MaterialBalls/Final/浑天仪.mat
  artifactKey: Guid(1640ed6f4b32c9c4eb0fa94c0ecec0b0) Importer(815301076,1909f56bfc062723c751e8b465ee728b)
Start importing Assets/Materials/MaterialBalls/Final/浑天仪.mat using Guid(1640ed6f4b32c9c4eb0fa94c0ecec0b0) Importer(815301076,1909f56bfc062723c751e8b465ee728b)  -> (artifact id: '213176e54420d71714823b3dabf0c0df') in 0.011396 seconds
Number of updated asset objects reloaded before import = 0
Number of asset objects unloaded after import = 4
========================================================================
Received Import Request.
  Time since last request: 0.000016 seconds.
  path: Assets/Materials/MaterialBalls/Final/肥罐子_MK.mat
  artifactKey: Guid(f6e7704e522df0748a96360f4b952726) Importer(815301076,1909f56bfc062723c751e8b465ee728b)
Start importing Assets/Materials/MaterialBalls/Final/肥罐子_MK.mat using Guid(f6e7704e522df0748a96360f4b952726) Importer(815301076,1909f56bfc062723c751e8b465ee728b)  -> (artifact id: '0a13dcd2ebead42f1dde4702bd32046d') in 0.010573 seconds
Number of updated asset objects reloaded before import = 0
Number of asset objects unloaded after import = 3
========================================================================
Received Import Request.
  Time since last request: 0.000024 seconds.
  path: Assets/Materials/MaterialBalls/Final/Wood_MK.mat
  artifactKey: Guid(db8131983a46214428dc633962ad2960) Importer(815301076,1909f56bfc062723c751e8b465ee728b)
Start importing Assets/Materials/MaterialBalls/Final/Wood_MK.mat using Guid(db8131983a46214428dc633962ad2960) Importer(815301076,1909f56bfc062723c751e8b465ee728b)  -> (artifact id: '499391110b7375ae1a797282831f1b1a') in 0.008325 seconds
Number of updated asset objects reloaded before import = 0
Number of asset objects unloaded after import = 3
========================================================================
Received Import Request.
  Time since last request: 0.000024 seconds.
  path: Assets/Materials/MaterialBalls/Final/浅草_MK.mat
  artifactKey: Guid(5b2caf5571f494764adaa4694ded9e32) Importer(815301076,1909f56bfc062723c751e8b465ee728b)
Start importing Assets/Materials/MaterialBalls/Final/浅草_MK.mat using Guid(5b2caf5571f494764adaa4694ded9e32) Importer(815301076,1909f56bfc062723c751e8b465ee728b)  -> (artifact id: '093cb1183e5546902712c9086bdcb1f5') in 0.465354 seconds
Number of updated asset objects reloaded before import = 0
Number of asset objects unloaded after import = 3
========================================================================
Received Import Request.
  Time since last request: 45.274447 seconds.
  path: Assets/Materials/MaterialBalls/Final/Universe/Universe.mat
  artifactKey: Guid(c10b537498c626c4899f6196fa4eeeed) Importer(815301076,1909f56bfc062723c751e8b465ee728b)
Start importing Assets/Materials/MaterialBalls/Final/Universe/Universe.mat using Guid(c10b537498c626c4899f6196fa4eeeed) Importer(815301076,1909f56bfc062723c751e8b465ee728b)  -> (artifact id: '4569241202067483b45a8e76f3cbdf14') in 0.137323 seconds
Number of updated asset objects reloaded before import = 0
Number of asset objects unloaded after import = 2
Editor requested this worker to shutdown with reason: Scaling down because of idle timeout
TcpMessagingSession - receive error
AssetImportWorkerClient::OnTransportError - code=2 error=End of file
AssetImportWorker is now disconnected from the server
Process exiting
Exiting without the bug reporter. Application will terminate with return code 0