Using pre-set license
Built from '2022.3/china_unity/release' branch; Version is '2022.3.15f1c1 (18739dc7bca8) revision 1602461'; Using compiler version '192829333'; Build Type 'Release'
OS: 'Windows 11  (10.0.22631) 64bit CoreCountrySpecific' Language: 'zh' Physical Memory: 16002 MB
BatchMode: 1, IsHumanControllingUs: 0, StartBugReporterOnCrash: 0, Is64bit: 1, IsPro: 1

COMMAND LINE ARGUMENTS:
E:\Software\Unity\Editor\2022.3.15f1c1\Editor\Unity.exe
-adb2
-batchMode
-noUpm
-name
AssetImportWorker4
-projectPath
E:/Software/Unity/Dustar
-logFile
Logs/AssetImportWorker4.log
-srvPort
61664
Successfully changed project path to: E:/Software/Unity/Dustar
E:/Software/Unity/Dustar
[UnityMemory] Configuration Parameters - Can be set up in boot.config
    "memorysetup-bucket-allocator-granularity=16"
    "memorysetup-bucket-allocator-bucket-count=8"
    "memorysetup-bucket-allocator-block-size=33554432"
    "memorysetup-bucket-allocator-block-count=8"
    "memorysetup-main-allocator-block-size=16777216"
    "memorysetup-thread-allocator-block-size=16777216"
    "memorysetup-gfx-main-allocator-block-size=16777216"
    "memorysetup-gfx-thread-allocator-block-size=16777216"
    "memorysetup-cache-allocator-block-size=4194304"
    "memorysetup-typetree-allocator-block-size=2097152"
    "memorysetup-profiler-bucket-allocator-granularity=16"
    "memorysetup-profiler-bucket-allocator-bucket-count=8"
    "memorysetup-profiler-bucket-allocator-block-size=33554432"
    "memorysetup-profiler-bucket-allocator-block-count=8"
    "memorysetup-profiler-allocator-block-size=16777216"
    "memorysetup-profiler-editor-allocator-block-size=1048576"
    "memorysetup-temp-allocator-size-main=16777216"
    "memorysetup-job-temp-allocator-block-size=2097152"
    "memorysetup-job-temp-allocator-block-size-background=1048576"
    "memorysetup-job-temp-allocator-reduction-small-platforms=262144"
    "memorysetup-allocator-temp-initial-block-size-main=262144"
    "memorysetup-allocator-temp-initial-block-size-worker=262144"
    "memorysetup-temp-allocator-size-background-worker=32768"
    "memorysetup-temp-allocator-size-job-worker=262144"
    "memorysetup-temp-allocator-size-preload-manager=33554432"
    "memorysetup-temp-allocator-size-nav-mesh-worker=65536"
    "memorysetup-temp-allocator-size-audio-worker=65536"
    "memorysetup-temp-allocator-size-cloud-worker=32768"
    "memorysetup-temp-allocator-size-gi-baking-worker=262144"
    "memorysetup-temp-allocator-size-gfx=262144"
Player connection [25868] Host "[IP] 192.168.3.30 [Port] 0 [Flags] 2 [Guid] 2115333361 [EditorId] 2115333361 [Version] 1048832 [Id] WindowsEditor(7,TK) [Debug] 1 [PackageName] WindowsEditor [ProjectName] Editor" joined multi-casting on [225.0.0.222:54997]...

Player connection [25868] Host "[IP] 192.168.3.30 [Port] 0 [Flags] 2 [Guid] 2115333361 [EditorId] 2115333361 [Version] 1048832 [Id] WindowsEditor(7,TK) [Debug] 1 [PackageName] WindowsEditor [ProjectName] Editor" joined alternative multi-casting on [225.0.0.222:34997]...

[Physics::Module] Initialized MultithreadedJobDispatcher with 31 workers.
Refreshing native plugins compatible for Editor in 18.16 ms, found 3 plugins.
Preloading 0 native plugins for Editor in 0.00 ms.
Initialize engine version: 2022.3.15f1c1 (18739dc7bca8)
[Subsystems] Discovering subsystems at path E:/Software/Unity/Editor/2022.3.15f1c1/Editor/Data/Resources/UnitySubsystems
[Subsystems] Discovering subsystems at path E:/Software/Unity/Dustar/Assets
GfxDevice: creating device client; threaded=0; jobified=0
Direct3D:
    Version:  Direct3D 11.0 [level 11.1]
    Renderer: NVIDIA GeForce RTX 4070 Laptop GPU (ID=0x2860)
    Vendor:   NVIDIA
    VRAM:     7963 MB
    Driver:   31.0.15.4624
Initialize mono
Mono path[0] = 'E:/Software/Unity/Editor/2022.3.15f1c1/Editor/Data/Managed'
Mono path[1] = 'E:/Software/Unity/Editor/2022.3.15f1c1/Editor/Data/MonoBleedingEdge/lib/mono/unityjit-win32'
Mono config path = 'E:/Software/Unity/Editor/2022.3.15f1c1/Editor/Data/MonoBleedingEdge/etc'
Using monoOptions --debugger-agent=transport=dt_socket,embedding=1,server=y,suspend=n,address=127.0.0.1:56736
Begin MonoManager ReloadAssembly
Registering precompiled unity dll's ...
Register platform support module: E:/Software/Unity/Editor/2022.3.15f1c1/Editor/Data/PlaybackEngines/WindowsStandaloneSupport/UnityEditor.WindowsStandalone.Extensions.dll
Registered in 0.003834 seconds.
- Loaded All Assemblies, in  0.240 seconds
Native extension for WindowsStandalone target not found
Mono: successfully reloaded assembly
- Finished resetting the current domain, in  0.156 seconds
Domain Reload Profiling: 393ms
	BeginReloadAssembly (79ms)
		ExecutionOrderSort (0ms)
		DisableScriptedObjects (0ms)
		BackupInstance (0ms)
		ReleaseScriptingObjects (0ms)
		CreateAndSetChildDomain (1ms)
	RebuildCommonClasses (20ms)
	RebuildNativeTypeToScriptingClass (7ms)
	initialDomainReloadingComplete (38ms)
	LoadAllAssembliesAndSetupDomain (92ms)
		LoadAssemblies (76ms)
		RebuildTransferFunctionScriptingTraits (0ms)
		AnalyzeDomain (91ms)
			TypeCache.Refresh (90ms)
				TypeCache.ScanAssembly (81ms)
			ScanForSourceGeneratedMonoScriptInfo (0ms)
			ResolveRequiredComponents (0ms)
	FinalizeReload (157ms)
		ReleaseScriptCaches (0ms)
		RebuildScriptCaches (0ms)
		SetupLoadedEditorAssemblies (120ms)
			LogAssemblyErrors (0ms)
			InitializePlatformSupportModulesInManaged (5ms)
			SetLoadedEditorAssemblies (4ms)
			RefreshPlugins (0ms)
			BeforeProcessingInitializeOnLoad (1ms)
			ProcessInitializeOnLoadAttributes (83ms)
			ProcessInitializeOnLoadMethodAttributes (27ms)
			AfterProcessingInitializeOnLoad (0ms)
			EditorAssembliesLoaded (0ms)
		ExecutionOrderSort2 (0ms)
		AwakeInstancesAfterBackupRestoration (0ms)
========================================================================
Worker process is ready to serve import requests
Begin MonoManager ReloadAssembly
- Loaded All Assemblies, in  0.902 seconds
Refreshing native plugins compatible for Editor in 11.16 ms, found 3 plugins.
Native extension for WindowsStandalone target not found
Package Manager log level set to [2]
[Package Manager] Server::EnsureServerProcessIsRunning -- launch failed, reason: Unity was launched with the -noUpm command-line argument
[Package Manager] UpmClient::Send -- Unable to send message (not connected to UPM process).
[Package Manager] Cannot connect to Unity Package Manager local server
Mono: successfully reloaded assembly
- Finished resetting the current domain, in  0.634 seconds
Domain Reload Profiling: 1524ms
	BeginReloadAssembly (148ms)
		ExecutionOrderSort (0ms)
		DisableScriptedObjects (3ms)
		BackupInstance (0ms)
		ReleaseScriptingObjects (0ms)
		CreateAndSetChildDomain (15ms)
	RebuildCommonClasses (19ms)
	RebuildNativeTypeToScriptingClass (6ms)
	initialDomainReloadingComplete (45ms)
	LoadAllAssembliesAndSetupDomain (671ms)
		LoadAssemblies (576ms)
		RebuildTransferFunctionScriptingTraits (0ms)
		AnalyzeDomain (196ms)
			TypeCache.Refresh (160ms)
				TypeCache.ScanAssembly (143ms)
			ScanForSourceGeneratedMonoScriptInfo (16ms)
			ResolveRequiredComponents (18ms)
	FinalizeReload (634ms)
		ReleaseScriptCaches (0ms)
		RebuildScriptCaches (0ms)
		SetupLoadedEditorAssemblies (508ms)
			LogAssemblyErrors (0ms)
			InitializePlatformSupportModulesInManaged (4ms)
			SetLoadedEditorAssemblies (4ms)
			RefreshPlugins (0ms)
			BeforeProcessingInitializeOnLoad (54ms)
			ProcessInitializeOnLoadAttributes (372ms)
			ProcessInitializeOnLoadMethodAttributes (67ms)
			AfterProcessingInitializeOnLoad (8ms)
			EditorAssembliesLoaded (0ms)
		ExecutionOrderSort2 (0ms)
		AwakeInstancesAfterBackupRestoration (4ms)
Launched and connected shader compiler UnityShaderCompiler.exe after 0.10 seconds
Refreshing native plugins compatible for Editor in 8.50 ms, found 3 plugins.
Preloading 0 native plugins for Editor in 0.00 ms.
Unloading 5874 Unused Serialized files (Serialized files now loaded: 0)
Unloading 110 unused Assets / (2.0 MB). Loaded Objects now: 6330.
Memory consumption went from 301.8 MB to 299.8 MB.
Total: 7.012000 ms (FindLiveObjects: 0.560200 ms CreateObjectMapping: 0.157000 ms MarkObjects: 5.258700 ms  DeleteObjects: 1.034900 ms)

AssetImportParameters requested are different than current active one (requested -> active):
  custom:container-demuxer-ogg: 62fdf1f143b41e24485cea50d1cbac27 -> 
  custom:video-codec-MediaFoundation-h265: 746d11721c4dcdbdad8f713fa42b33f4 -> 
  custom:video-decoder-ogg-theora: a1e56fd34408186e4bbccfd4996cb3dc -> 
  custom:framework-win-MediaFoundation: 216162199b28c13a410421893ffa2e32 -> 
  custom:CustomObjectIndexerAttribute: 39606d92bcf39ac9cd6fca1116091104 -> 
  custom:container-demuxer-webm: 4f35f7cbe854078d1ac9338744f61a02 -> 
  custom:container-muxer-webm: aa71ff27fc2769a1b78a27578f13a17b -> 
  custom:video-decoder-webm-vp8: 9c59270c3fd7afecdb556c50c9e8de78 -> 
  custom:SearchIndexIgnoredProperties: e643bd26f0fe6173181afceb89e7c659 -> 
  custom:AudioImporter_EditorPlatform: d09bf68614088b80899f8185d706f6e7 -> 
  custom:video-encoder-webm-vp8: eb34c28f22e8b96e1ab97ce403110664 -> 
  custom:audio-decoder-ogg-vorbis: bf7c407c2cedff20999df2af8eb42d56 -> 
  custom:audio-encoder-webm-vorbis: bf7c407c2cedff20999df2af8eb42d56 -> 
========================================================================
Received Import Request.
  Time since last request: 303887.388515 seconds.
  path: Assets/Settings/Desert_Outline Settings 1.asset
  artifactKey: Guid(5ac4c821fbf4ac149ad4fa3701fb7e14) Importer(815301076,1909f56bfc062723c751e8b465ee728b)
Start importing Assets/Settings/Desert_Outline Settings 1.asset using Guid(5ac4c821fbf4ac149ad4fa3701fb7e14) Importer(815301076,1909f56bfc062723c751e8b465ee728b)  -> (artifact id: '4a5ead27ae90f0991875dd5e8b35d221') in 0.201795 seconds
Number of updated asset objects reloaded before import = 0
Number of asset objects unloaded after import = 3
========================================================================
Received Import Request.
  Time since last request: 228.914950 seconds.
  path: Assets/Low Poly Asia - Far East
  artifactKey: Guid(2d856cb4d9a7141229d2b41d1fbe43be) Importer(815301076,1909f56bfc062723c751e8b465ee728b)
Start importing Assets/Low Poly Asia - Far East using Guid(2d856cb4d9a7141229d2b41d1fbe43be) Importer(815301076,1909f56bfc062723c751e8b465ee728b)  -> (artifact id: '4a581b501d6167e048d9a4432e727b69') in 0.000621 seconds
Number of updated asset objects reloaded before import = 0
Number of asset objects unloaded after import = 0
========================================================================
Received Import Request.
  Time since last request: 106.041804 seconds.
  path: Assets/Models/Desert_Plane.fbx
  artifactKey: Guid(a3e1c207677fb8f4faa5e4faa578708e) Importer(815301076,1909f56bfc062723c751e8b465ee728b)
Start importing Assets/Models/Desert_Plane.fbx using Guid(a3e1c207677fb8f4faa5e4faa578708e) Importer(815301076,1909f56bfc062723c751e8b465ee728b)  -> (artifact id: '3ce4e762d44a9a53f1f2d80950a0c9a0') in 0.573793 seconds
Number of updated asset objects reloaded before import = 0
Number of asset objects unloaded after import = 12
========================================================================
Received Import Request.
  Time since last request: 0.000025 seconds.
  path: Assets/Models/骨骨 1.fbx
  artifactKey: Guid(a12b980f7e2277746bb3d30035f7ca10) Importer(815301076,1909f56bfc062723c751e8b465ee728b)
Start importing Assets/Models/骨骨 1.fbx using Guid(a12b980f7e2277746bb3d30035f7ca10) Importer(815301076,1909f56bfc062723c751e8b465ee728b)  -> (artifact id: 'cf1387e08c49b1121272c739007b3c92') in 0.118114 seconds
Number of updated asset objects reloaded before import = 0
Number of asset objects unloaded after import = 133
========================================================================
Received Import Request.
  Time since last request: 0.000045 seconds.
  path: Assets/Models/星图环.fbx
  artifactKey: Guid(0c12702b87593eb438ac08de62b56e16) Importer(815301076,1909f56bfc062723c751e8b465ee728b)
Start importing Assets/Models/星图环.fbx using Guid(0c12702b87593eb438ac08de62b56e16) Importer(815301076,1909f56bfc062723c751e8b465ee728b)  -> (artifact id: 'a1872f76d1ac21e58a100644bad5897c') in 0.059146 seconds
Number of updated asset objects reloaded before import = 0
Number of asset objects unloaded after import = 13
========================================================================
Received Import Request.
  Time since last request: 0.000015 seconds.
  path: Assets/Models/石碑骨架版.fbx
  artifactKey: Guid(1f766b83adb9b444d8d09c62df85dc4c) Importer(815301076,1909f56bfc062723c751e8b465ee728b)
Start importing Assets/Models/石碑骨架版.fbx using Guid(1f766b83adb9b444d8d09c62df85dc4c) Importer(815301076,1909f56bfc062723c751e8b465ee728b)  -> (artifact id: '9a02403f3047abc456454a04e7286523') in 0.155730 seconds
Number of updated asset objects reloaded before import = 0
Number of asset objects unloaded after import = 178
========================================================================
Received Import Request.
  Time since last request: 0.000024 seconds.
  path: Assets/Models/星图.fbx
  artifactKey: Guid(dd73af301590edf44aab1b8187149db1) Importer(815301076,1909f56bfc062723c751e8b465ee728b)
Start importing Assets/Models/星图.fbx using Guid(dd73af301590edf44aab1b8187149db1) Importer(815301076,1909f56bfc062723c751e8b465ee728b)  -> (artifact id: '5fd0b17bb0e03726fbd2598871de4f6c') in 0.024200 seconds
Number of updated asset objects reloaded before import = 0
Number of asset objects unloaded after import = 54
========================================================================
Received Import Request.
  Time since last request: 0.000023 seconds.
  path: Assets/Models/宇航员.fbx
  artifactKey: Guid(34c157ad7d3f44125810887ed15bb57b) Importer(815301076,1909f56bfc062723c751e8b465ee728b)
Start importing Assets/Models/宇航员.fbx using Guid(34c157ad7d3f44125810887ed15bb57b) Importer(815301076,1909f56bfc062723c751e8b465ee728b)  -> (artifact id: '31c7282a18252d342f0a8bfac673f13f') in 0.119687 seconds
Number of updated asset objects reloaded before import = 0
Number of asset objects unloaded after import = 80
========================================================================
Received Import Request.
  Time since last request: 0.000016 seconds.
  path: Assets/Models/星图建模.fbx
  artifactKey: Guid(8e4e38abde1658446a8c60c8597ca529) Importer(815301076,1909f56bfc062723c751e8b465ee728b)
Start importing Assets/Models/星图建模.fbx using Guid(8e4e38abde1658446a8c60c8597ca529) Importer(815301076,1909f56bfc062723c751e8b465ee728b)  -> (artifact id: 'c165edf0363887ddb1ffc20d0e7a8dd9') in 0.027818 seconds
Number of updated asset objects reloaded before import = 0
Number of asset objects unloaded after import = 44
========================================================================
Received Import Request.
  Time since last request: 0.000014 seconds.
  path: Assets/Models/地图.mesh
  artifactKey: Guid(65c6d6c081297c24a82317bb68b16fd0) Importer(815301076,1909f56bfc062723c751e8b465ee728b)
Start importing Assets/Models/地图.mesh using Guid(65c6d6c081297c24a82317bb68b16fd0) Importer(815301076,1909f56bfc062723c751e8b465ee728b)  -> (artifact id: 'bbbfbf8f2175789f1274190ee49d688a') in 0.009416 seconds
Number of updated asset objects reloaded before import = 0
Number of asset objects unloaded after import = 2
========================================================================
Received Import Request.
  Time since last request: 0.000014 seconds.
  path: Assets/Models/场景小物件资产.fbx
  artifactKey: Guid(39085d27acfa121419fe057a0003f4c1) Importer(815301076,1909f56bfc062723c751e8b465ee728b)
Start importing Assets/Models/场景小物件资产.fbx using Guid(39085d27acfa121419fe057a0003f4c1) Importer(815301076,1909f56bfc062723c751e8b465ee728b)  -> (artifact id: '7c23882424a3f315b0dc371e0654275a') in 0.105462 seconds
Number of updated asset objects reloaded before import = 0
Number of asset objects unloaded after import = 92
========================================================================
Received Import Request.
  Time since last request: 0.000023 seconds.
  path: Assets/Models/s3.fbx
  artifactKey: Guid(db9fb120dbf6c7f4ca40b188444d63b2) Importer(815301076,1909f56bfc062723c751e8b465ee728b)
Start importing Assets/Models/s3.fbx using Guid(db9fb120dbf6c7f4ca40b188444d63b2) Importer(815301076,1909f56bfc062723c751e8b465ee728b)  -> (artifact id: '59def96a2d2b3e2030a35e622fe3548c') in 0.138496 seconds
Number of updated asset objects reloaded before import = 0
Number of asset objects unloaded after import = 39
========================================================================
Received Import Request.
  Time since last request: 0.000019 seconds.
  path: Assets/Models/浑天仪yiji.fbx
  artifactKey: Guid(ae26fe708699a8147b78842131092786) Importer(815301076,1909f56bfc062723c751e8b465ee728b)
Start importing Assets/Models/浑天仪yiji.fbx using Guid(ae26fe708699a8147b78842131092786) Importer(815301076,1909f56bfc062723c751e8b465ee728b)  -> (artifact id: 'f810f3a2f92ac0500e3778263acf094f') in 0.725521 seconds
Number of updated asset objects reloaded before import = 0
Number of asset objects unloaded after import = 10
========================================================================
Received Import Request.
  Time since last request: 0.000023 seconds.
  path: Assets/Models/s2.fbx
  artifactKey: Guid(7f95ea45fd7cd8c409863fc7523ec92a) Importer(815301076,1909f56bfc062723c751e8b465ee728b)
Start importing Assets/Models/s2.fbx using Guid(7f95ea45fd7cd8c409863fc7523ec92a) Importer(815301076,1909f56bfc062723c751e8b465ee728b)  -> (artifact id: '281a9dc5db4618dd1b111d7667c2db5f') in 0.041816 seconds
Number of updated asset objects reloaded before import = 0
Number of asset objects unloaded after import = 34
========================================================================
Received Import Request.
  Time since last request: 0.000023 seconds.
  path: Assets/Models/RockGrey2.prefab
  artifactKey: Guid(43eb63efe82f9dd40b561e4dfc2b2cad) Importer(815301076,1909f56bfc062723c751e8b465ee728b)
Start importing Assets/Models/RockGrey2.prefab using Guid(43eb63efe82f9dd40b561e4dfc2b2cad) Importer(815301076,1909f56bfc062723c751e8b465ee728b)  -> (artifact id: 'd486b05744f07314f27b88a0e6005d17') in 0.500958 seconds
Number of updated asset objects reloaded before import = 0
Number of asset objects unloaded after import = 11
========================================================================
Received Import Request.
  Time since last request: 7.233051 seconds.
  path: Assets/Materials/Pillar Variant.mat
  artifactKey: Guid(1283666f2314e9843a172530493f3700) Importer(815301076,1909f56bfc062723c751e8b465ee728b)
Start importing Assets/Materials/Pillar Variant.mat using Guid(1283666f2314e9843a172530493f3700) Importer(815301076,1909f56bfc062723c751e8b465ee728b)  -> (artifact id: '89d48df1f6531e39816268c82a13417b') in 0.156122 seconds
Number of updated asset objects reloaded before import = 0
Number of asset objects unloaded after import = 4
========================================================================
Received Import Request.
  Time since last request: 7.615846 seconds.
  path: Assets/Materials/Shadergraph/Surface_Planets.shadergraph
  artifactKey: Guid(0ea01157a8d3948429be764ce6e6a5aa) Importer(815301076,1909f56bfc062723c751e8b465ee728b)
Start importing Assets/Materials/Shadergraph/Surface_Planets.shadergraph using Guid(0ea01157a8d3948429be764ce6e6a5aa) Importer(815301076,1909f56bfc062723c751e8b465ee728b)  -> (artifact id: '3162ffb7a55a2e4b6a127fc662d7d9fc') in 0.005680 seconds
Number of updated asset objects reloaded before import = 0
Number of asset objects unloaded after import = 2
========================================================================
Received Import Request.
  Time since last request: 5.761314 seconds.
  path: Assets/Materials/Shadergraph/Surface_Lit_shadow.shadergraph
  artifactKey: Guid(2ae7fa9a3b4f52843ac139d6561d54c6) Importer(815301076,1909f56bfc062723c751e8b465ee728b)
Start importing Assets/Materials/Shadergraph/Surface_Lit_shadow.shadergraph using Guid(2ae7fa9a3b4f52843ac139d6561d54c6) Importer(815301076,1909f56bfc062723c751e8b465ee728b)  -> (artifact id: '3995f2924798d94a83b4853695725cfa') in 0.569661 seconds
Number of updated asset objects reloaded before import = 0
Number of asset objects unloaded after import = 3
========================================================================
Received Import Request.
  Time since last request: 3.705582 seconds.
  path: Assets/Materials/MaterialBalls/Line
  artifactKey: Guid(1c7f58472a8138d499c13ca8fdd5a979) Importer(815301076,1909f56bfc062723c751e8b465ee728b)
Start importing Assets/Materials/MaterialBalls/Line using Guid(1c7f58472a8138d499c13ca8fdd5a979) Importer(815301076,1909f56bfc062723c751e8b465ee728b)  -> (artifact id: 'a8677cafa7d50aea9c6fa2ee63f6aa43') in 0.000879 seconds
Number of updated asset objects reloaded before import = 0
Number of asset objects unloaded after import = 0
========================================================================
Received Import Request.
  Time since last request: 0.450615 seconds.
  path: Assets/Materials/MaterialBalls/Final
  artifactKey: Guid(73ffebb300f3b00499938d1cb22eba45) Importer(815301076,1909f56bfc062723c751e8b465ee728b)
Start importing Assets/Materials/MaterialBalls/Final using Guid(73ffebb300f3b00499938d1cb22eba45) Importer(815301076,1909f56bfc062723c751e8b465ee728b)  -> (artifact id: '0f25d8bd071cdbce46b19d46f655a5d9') in 0.000700 seconds
Number of updated asset objects reloaded before import = 0
Number of asset objects unloaded after import = 0
========================================================================
Received Import Request.
  Time since last request: 0.641748 seconds.
  path: Assets/Materials/MaterialBalls/Line/Bottle_Line.mat
  artifactKey: Guid(2e724f305634c6e43b150c760cd9749b) Importer(815301076,1909f56bfc062723c751e8b465ee728b)
Start importing Assets/Materials/MaterialBalls/Line/Bottle_Line.mat using Guid(2e724f305634c6e43b150c760cd9749b) Importer(815301076,1909f56bfc062723c751e8b465ee728b)  -> (artifact id: '7c7f6f9cc4a03991d5040beb0d32ff4a') in 0.011914 seconds
Number of updated asset objects reloaded before import = 0
Number of asset objects unloaded after import = 2
========================================================================
Received Import Request.
  Time since last request: 0.000514 seconds.
  path: Assets/Materials/MaterialBalls/Line/Glow_Line.mat
  artifactKey: Guid(0d3bd8712f542da47a533a1fe3c1e8fd) Importer(815301076,1909f56bfc062723c751e8b465ee728b)
Start importing Assets/Materials/MaterialBalls/Line/Glow_Line.mat using Guid(0d3bd8712f542da47a533a1fe3c1e8fd) Importer(815301076,1909f56bfc062723c751e8b465ee728b)  -> (artifact id: 'b25ec7d7a66633bf5d4a659213a04c39') in 0.007846 seconds
Number of updated asset objects reloaded before import = 0
Number of asset objects unloaded after import = 3
========================================================================
Received Import Request.
  Time since last request: 1.679652 seconds.
  path: Assets/Materials/MaterialBalls/Final/Building_Brick_E.mat
  artifactKey: Guid(900c4e6bad4d1a44780ffdd9d20a6a7d) Importer(815301076,1909f56bfc062723c751e8b465ee728b)
Start importing Assets/Materials/MaterialBalls/Final/Building_Brick_E.mat using Guid(900c4e6bad4d1a44780ffdd9d20a6a7d) Importer(815301076,1909f56bfc062723c751e8b465ee728b)  -> (artifact id: '7aa3a06f4754c01287538d276119dbfb') in 0.543652 seconds
Number of updated asset objects reloaded before import = 0
Number of asset objects unloaded after import = 3
========================================================================
Received Import Request.
  Time since last request: 40.814950 seconds.
  path: Assets/Materials/MaterialBalls/Final/星图和地图
  artifactKey: Guid(f8905aaf4b5eb464d941e22aea7778bc) Importer(815301076,1909f56bfc062723c751e8b465ee728b)
Start importing Assets/Materials/MaterialBalls/Final/星图和地图 using Guid(f8905aaf4b5eb464d941e22aea7778bc) Importer(815301076,1909f56bfc062723c751e8b465ee728b)  -> (artifact id: 'b9b5b2372e94163850ccc60a39886a81') in 0.000611 seconds
Number of updated asset objects reloaded before import = 0
Number of asset objects unloaded after import = 0
========================================================================
Received Import Request.
  Time since last request: 1.680122 seconds.
  path: Assets/Materials/MaterialBalls/Final/望远镜和罗盘
  artifactKey: Guid(e5f147a5bdbc63442af9abfb74b2745c) Importer(815301076,1909f56bfc062723c751e8b465ee728b)
Start importing Assets/Materials/MaterialBalls/Final/望远镜和罗盘 using Guid(e5f147a5bdbc63442af9abfb74b2745c) Importer(815301076,1909f56bfc062723c751e8b465ee728b)  -> (artifact id: 'd4777a47a6a0e467a872e3a164e67bff') in 0.000683 seconds
Number of updated asset objects reloaded before import = 0
Number of asset objects unloaded after import = 0
========================================================================
Received Import Request.
  Time since last request: 2.747878 seconds.
  path: Assets/Materials/MaterialBalls/Final/Universe
  artifactKey: Guid(34dd9a3f596164743a56cd48aede7edb) Importer(815301076,1909f56bfc062723c751e8b465ee728b)
Start importing Assets/Materials/MaterialBalls/Final/Universe using Guid(34dd9a3f596164743a56cd48aede7edb) Importer(815301076,1909f56bfc062723c751e8b465ee728b)  -> (artifact id: 'd39823a0749e658e49eb2a82eaa624bd') in 0.000971 seconds
Number of updated asset objects reloaded before import = 0
Number of asset objects unloaded after import = 0
========================================================================
Received Import Request.
  Time since last request: 0.066307 seconds.
  path: Assets/Materials/MaterialBalls/Final/Universe/SKy.mat
  artifactKey: Guid(e7bd59bfffc1df142a4849566beea1a5) Importer(815301076,1909f56bfc062723c751e8b465ee728b)
Start importing Assets/Materials/MaterialBalls/Final/Universe/SKy.mat using Guid(e7bd59bfffc1df142a4849566beea1a5) Importer(815301076,1909f56bfc062723c751e8b465ee728b)  -> (artifact id: '5b7f098cc11ef7ea8ffa704ba0c1243d') in 0.007877 seconds
Number of updated asset objects reloaded before import = 0
Number of asset objects unloaded after import = 2
========================================================================
Received Import Request.
  Time since last request: 11.762914 seconds.
  path: Assets/Materials/MaterialBalls/Final/Universe/Planet
  artifactKey: Guid(fd07d32d92788924eada2c5612c0f863) Importer(815301076,1909f56bfc062723c751e8b465ee728b)
Start importing Assets/Materials/MaterialBalls/Final/Universe/Planet using Guid(fd07d32d92788924eada2c5612c0f863) Importer(815301076,1909f56bfc062723c751e8b465ee728b)  -> (artifact id: 'e0bea2bc3b6482f5d344acb736eb1696') in 0.000473 seconds
Number of updated asset objects reloaded before import = 0
Number of asset objects unloaded after import = 0
========================================================================
Received Import Request.
  Time since last request: 0.045810 seconds.
  path: Assets/Materials/MaterialBalls/Final/Universe/Planet/土星.mat
  artifactKey: Guid(6a02609ca5e378a458a9f83a664e158c) Importer(815301076,1909f56bfc062723c751e8b465ee728b)
Start importing Assets/Materials/MaterialBalls/Final/Universe/Planet/土星.mat using Guid(6a02609ca5e378a458a9f83a664e158c) Importer(815301076,1909f56bfc062723c751e8b465ee728b)  -> (artifact id: '8b3a1862d2b9f1a82e6995f588c85dca') in 0.006302 seconds
Number of updated asset objects reloaded before import = 0
Number of asset objects unloaded after import = 3
========================================================================
Received Import Request.
  Time since last request: 18.648683 seconds.
  path: Assets/Materials/Shadergraph/Glow.shadergraph
  artifactKey: Guid(96d6bb63674b784439a45bbf26b4fbe8) Importer(815301076,1909f56bfc062723c751e8b465ee728b)
Start importing Assets/Materials/Shadergraph/Glow.shadergraph using Guid(96d6bb63674b784439a45bbf26b4fbe8) Importer(815301076,1909f56bfc062723c751e8b465ee728b)  -> (artifact id: '8c1845730d4c65dc2b39dd60d930e95f') in 0.005651 seconds
Number of updated asset objects reloaded before import = 0
Number of asset objects unloaded after import = 2
========================================================================
Received Import Request.
  Time since last request: 297.032750 seconds.
  path: Assets/Materials/Shadergraph/Line.shadergraph
  artifactKey: Guid(530286153bf7e6046b45576111d5dd97) Importer(815301076,1909f56bfc062723c751e8b465ee728b)
Start importing Assets/Materials/Shadergraph/Line.shadergraph using Guid(530286153bf7e6046b45576111d5dd97) Importer(815301076,1909f56bfc062723c751e8b465ee728b)  -> (artifact id: '55d539f9c6ebe244cbeba80b3373b371') in 0.006530 seconds
Number of updated asset objects reloaded before import = 0
Number of asset objects unloaded after import = 2
========================================================================
Received Import Request.
  Time since last request: 41.624465 seconds.
  path: Assets/Materials/Shadergraph/Desert.shadergraph
  artifactKey: Guid(bae590c928e680f4a95e7f1438b076de) Importer(815301076,1909f56bfc062723c751e8b465ee728b)
Start importing Assets/Materials/Shadergraph/Desert.shadergraph using Guid(bae590c928e680f4a95e7f1438b076de) Importer(815301076,1909f56bfc062723c751e8b465ee728b)  -> (artifact id: '69b46a7ea0a98aedb9eeca20d6fa6f1d') in 0.300384 seconds
Number of updated asset objects reloaded before import = 0
Number of asset objects unloaded after import = 3
========================================================================
Received Prepare
Begin MonoManager ReloadAssembly
- Loaded All Assemblies, in  0.364 seconds
Refreshing native plugins compatible for Editor in 5.58 ms, found 3 plugins.
Native extension for WindowsStandalone target not found
[Package Manager] Server::EnsureServerProcessIsRunning -- launch failed, reason: Unity was launched with the -noUpm command-line argument
[Package Manager] UpmClient::Send -- Unable to send message (not connected to UPM process).
[Package Manager] Cannot connect to Unity Package Manager local server
Mono: successfully reloaded assembly
- Finished resetting the current domain, in  1.485 seconds
Domain Reload Profiling: 1843ms
	BeginReloadAssembly (140ms)
		ExecutionOrderSort (0ms)
		DisableScriptedObjects (7ms)
		BackupInstance (0ms)
		ReleaseScriptingObjects (0ms)
		CreateAndSetChildDomain (39ms)
	RebuildCommonClasses (22ms)
	RebuildNativeTypeToScriptingClass (7ms)
	initialDomainReloadingComplete (25ms)
	LoadAllAssembliesAndSetupDomain (165ms)
		LoadAssemblies (216ms)
		RebuildTransferFunctionScriptingTraits (0ms)
		AnalyzeDomain (14ms)
			TypeCache.Refresh (6ms)
				TypeCache.ScanAssembly (0ms)
			ScanForSourceGeneratedMonoScriptInfo (0ms)
			ResolveRequiredComponents (7ms)
	FinalizeReload (1485ms)
		ReleaseScriptCaches (0ms)
		RebuildScriptCaches (0ms)
		SetupLoadedEditorAssemblies (470ms)
			LogAssemblyErrors (0ms)
			InitializePlatformSupportModulesInManaged (4ms)
			SetLoadedEditorAssemblies (2ms)
			RefreshPlugins (0ms)
			BeforeProcessingInitializeOnLoad (57ms)
			ProcessInitializeOnLoadAttributes (338ms)
			ProcessInitializeOnLoadMethodAttributes (62ms)
			AfterProcessingInitializeOnLoad (6ms)
			EditorAssembliesLoaded (0ms)
		ExecutionOrderSort2 (0ms)
		AwakeInstancesAfterBackupRestoration (11ms)
Refreshing native plugins compatible for Editor in 7.48 ms, found 3 plugins.
Preloading 0 native plugins for Editor in 0.00 ms.
Unloading 5651 Unused Serialized files (Serialized files now loaded: 0)
Unloading 64 unused Assets / (2.0 MB). Loaded Objects now: 6436.
Memory consumption went from 269.0 MB to 267.0 MB.
Total: 3.932600 ms (FindLiveObjects: 0.518400 ms CreateObjectMapping: 0.290900 ms MarkObjects: 2.602500 ms  DeleteObjects: 0.519600 ms)

Prepare: number of updated asset objects reloaded= 0
AssetImportParameters requested are different than current active one (requested -> active):
  custom:container-demuxer-ogg: 62fdf1f143b41e24485cea50d1cbac27 -> 
  custom:video-codec-MediaFoundation-h265: 746d11721c4dcdbdad8f713fa42b33f4 -> 
  custom:video-decoder-ogg-theora: a1e56fd34408186e4bbccfd4996cb3dc -> 
  custom:framework-win-MediaFoundation: 216162199b28c13a410421893ffa2e32 -> 
  custom:CustomObjectIndexerAttribute: 39606d92bcf39ac9cd6fca1116091104 -> 
  custom:container-demuxer-webm: 4f35f7cbe854078d1ac9338744f61a02 -> 
  custom:container-muxer-webm: aa71ff27fc2769a1b78a27578f13a17b -> 
  custom:video-decoder-webm-vp8: 9c59270c3fd7afecdb556c50c9e8de78 -> 
  custom:SearchIndexIgnoredProperties: e643bd26f0fe6173181afceb89e7c659 -> 
  custom:AudioImporter_EditorPlatform: d09bf68614088b80899f8185d706f6e7 -> 
  custom:video-encoder-webm-vp8: eb34c28f22e8b96e1ab97ce403110664 -> 
  custom:audio-decoder-ogg-vorbis: bf7c407c2cedff20999df2af8eb42d56 -> 
  custom:audio-encoder-webm-vorbis: bf7c407c2cedff20999df2af8eb42d56 -> 
